Remove Pin=C9-1 From Net=AOUT4
Remove Pin=J1-7 From Net=INTA
Remove Pin=J3-1 From Net=SO10X
Remove Pin=J3-2 From Net=AOUT7
Remove Pin=J3-3 From Net=AOUT5
Remove Pin=J3-4 From Net=7IN-
Remove Pin=J3-5 From Net=5IN-
Remove Pin=J3-6 From Net=INTA
Remove Pin=J4-5 From Net=VREF
Remove Pin=J4-6 From Net=POTOF
Remove Pin=J5-1 From Net=AOUT2
Remove Pin=J5-2 From Net=4IN+
Remove Pin=J5-3 From Net=AOUT4
Remove Pin=J5-4 From Net=PWM in
Remove Pin=J5-5 From Net=Sine in
Remove Pin=J5-6 From Net=Signal Out
Remove Pin=J5-7 From Net=SO1X
Remove Pin=J11-5 From Net=VREF
Remove Pin=R1-1 From Net=SO10X
Remove Pin=R2-1 From Net=SO1X
Remove Pin=U2-3 From Net=VREF
Remove Pin=U2-5 From Net=OUTC1
Remove Pin=U2-6 From Net=SOUT
Remove Pin=U4-1 From Net=AOUT5
Remove Pin=U4-2 From Net=5IN-
Remove Pin=U4-3 From Net=2IN+
Remove Pin=U4-5 From Net=2IN+
Remove Pin=U4-6 From Net=6IN-
Remove Pin=U4-7 From Net=AOUT6
Remove Pin=U4-8 From Net=AOUT7
Remove Pin=U4-9 From Net=7IN-
Remove Pin=U4-10 From Net=2IN+
Remove Pin=U5-1 From Net=AOUT1
Remove Pin=U5-2 From Net=1IN-
Remove Pin=U5-3 From Net=1IN+
Remove Pin=U5-5 From Net=2IN+
Remove Pin=U5-6 From Net=2IN-
Remove Pin=U5-7 From Net=AOUT2
Remove Pin=U5-8 From Net=4IN+
Remove Pin=U5-9 From Net=3IN-
Remove Pin=U5-10 From Net=3IN+
Remove Pin=U5-12 From Net=4IN+
Remove Pin=U5-13 From Net=4IN-
Remove Pin=U5-14 From Net=AOUT4
Remove Pin=VR2-2 From Net=POTOF
Remove Pin=VR6-2 From Net=4IN-
Remove Pin=VR8-2 From Net=3IN+
