Remove Pin=J7-1 From Net=JF1
Remove Pin=J7-2 From Net=JF2
Remove Pin=J7-3 From Net=JF3
Remove Pin=J7-4 From Net=JF4
Remove Pin=J7-5 From Net=JF5
Remove Pin=J7-6 From Net=JF6
Remove Pin=J8-1 From Net=AOUT2
Remove Pin=J8-2 From Net=AOUT3
Remove Pin=J8-3 From Net=AOUT4
Remove Pin=J8-4 From Net=PWM in
Remove Pin=J8-5 From Net=Sine in
Remove Pin=J8-6 From Net=Signal Out
Remove Pin=J8-7 From Net=SO1X
Remove Pin=J9-1 From Net=SO10X
Remove Pin=J9-2 From Net=INT2B
Remove Pin=J9-3 From Net=INT1B
Remove Pin=J9-4 From Net=INT2A
Remove Pin=J9-5 From Net=INT1A
Remove Pin=J9-6 From Net=INTA
Remove Pin=J9-7 From Net=INTB
Remove Pin=J10-1 From Net=JC1
Remove Pin=J10-2 From Net=JC2
Remove Pin=J10-3 From Net=JC3
Remove Pin=J10-4 From Net=JC4
Remove Pin=J10-5 From Net=JC5
Remove Pin=J10-6 From Net=JC6
Remove Pin=J10-7 From Net=INTA
Remove Pin=J11-6 From Net=POTOF
Remove Pin=J12-1 From Net=TRA
Remove Pin=J12-3 From Net=TRB
Remove Pin=S1-1 From Net=JF1
Remove Pin=S1-5 From Net=INTA
Remove Pin=S1-6 From Net=JC1
Remove Pin=S2-1 From Net=INT1B
Remove Pin=S2-2 From Net=INTB
Remove Pin=S2-3 From Net=INT2B
Remove Pin=S2-4 From Net=INT2A
Remove Pin=S2-5 From Net=INTA
Remove Pin=S2-6 From Net=INT1A
Remove Pin=S4-1 From Net=JF2
Remove Pin=S4-5 From Net=INTA
Remove Pin=S4-6 From Net=JC2
Remove Pin=S7-1 From Net=JF3
Remove Pin=S7-5 From Net=INTA
Remove Pin=S7-6 From Net=JC3
Remove Pin=S9-1 From Net=JF4
Remove Pin=S9-5 From Net=INTA
Remove Pin=S9-6 From Net=JC4
Remove Pin=S12-1 From Net=JF5
Remove Pin=S12-5 From Net=INTA
Remove Pin=S12-6 From Net=JC5
Remove Pin=S14-1 From Net=JF6
Remove Pin=S14-5 From Net=INTA
Remove Pin=S14-6 From Net=JC6
Remove Pin=U7-2 From Net=TRA
Remove Pin=U7-3 From Net=TRB
