Added Component: Designator=C1(Cap NP)
Add component. Clean all parameters for all variants
Add component (AddParameter): Name = "Value"; Value = ""; VariantName = "[No Variations]"
Added Component: Designator=C2(Cap pol)
Add component. Clean all parameters for all variants
Add component (AddParameter): Name = "Value"; Value = "10uF"; VariantName = "[No Variations]"
Added Component: Designator=C3(Cap pol)
Add component. Clean all parameters for all variants
Add component (AddParameter): Name = "Value"; Value = "10uF"; VariantName = "[No Variations]"
Added Component: Designator=C4(Cap NP)
Add component. Clean all parameters for all variants
Add component (AddParameter): Name = "Value"; Value = ""; VariantName = "[No Variations]"
Added Component: Designator=C5(Cap pol)
Add component. Clean all parameters for all variants
Add component (AddParameter): Name = "Value"; Value = "1uF"; VariantName = "[No Variations]"
Added Component: Designator=C6(Cap pol)
Add component. Clean all parameters for all variants
Add component (AddParameter): Name = "Value"; Value = "10uF"; VariantName = "[No Variations]"
Added Component: Designator=C7(Cap pol)
Add component. Clean all parameters for all variants
Add component (AddParameter): Name = "Value"; Value = "10u"; VariantName = "[No Variations]"
Added Component: Designator=C8(Cap pol)
Add component. Clean all parameters for all variants
Add component (AddParameter): Name = "Value"; Value = "1u"; VariantName = "[No Variations]"
Added Component: Designator=C9(Cap pol)
Add component. Clean all parameters for all variants
Add component (AddParameter): Name = "Value"; Value = "100n"; VariantName = "[No Variations]"
Added Component: Designator=C10(Cap pol)
Add component. Clean all parameters for all variants
Add component (AddParameter): Name = "Value"; Value = "10n"; VariantName = "[No Variations]"
Added Component: Designator=C11(Cap pol)
Add component. Clean all parameters for all variants
Add component (AddParameter): Name = "Value"; Value = "1n"; VariantName = "[No Variations]"
Added Component: Designator=C12(Cap pol)
Add component. Clean all parameters for all variants
Add component (AddParameter): Name = "Value"; Value = "100p"; VariantName = "[No Variations]"
Added Component: Designator=C13(Cap NP)
Add component. Clean all parameters for all variants
Add component (AddParameter): Name = "Value"; Value = ""; VariantName = "[No Variations]"
Added Component: Designator=C14(Cap NP)
Add component. Clean all parameters for all variants
Add component (AddParameter): Name = "Value"; Value = ""; VariantName = "[No Variations]"
Added Component: Designator=C15(Cap NP)
Add component. Clean all parameters for all variants
Add component (AddParameter): Name = "Value"; Value = ""; VariantName = "[No Variations]"
Added Component: Designator=C16(Cap NP)
Add component. Clean all parameters for all variants
Add component (AddParameter): Name = "Value"; Value = ""; VariantName = "[No Variations]"
Added Component: Designator=J1(JST_7p)
Add component. Clean all parameters for all variants
Added Component: Designator=J4(JST_7p)
Add component. Clean all parameters for all variants
Added Component: Designator=J5(JST_7p)
Add component. Clean all parameters for all variants
Added Component: Designator=J6(JST_7p)
Add component. Clean all parameters for all variants
Added Component: Designator=J7(JST_7p)
Add component. Clean all parameters for all variants
Added Component: Designator=R1(Res)
Add component. Clean all parameters for all variants
Add component (AddParameter): Name = "Value"; Value = "50k"; VariantName = "[No Variations]"
Added Component: Designator=R2(Res)
Add component. Clean all parameters for all variants
Add component (AddParameter): Name = "Value"; Value = "1k"; VariantName = "[No Variations]"
Added Component: Designator=R4(Res)
Add component. Clean all parameters for all variants
Add component (AddParameter): Name = "Value"; Value = "5k"; VariantName = "[No Variations]"
Added Component: Designator=R5(Res)
Add component. Clean all parameters for all variants
Add component (AddParameter): Name = "Value"; Value = "50k"; VariantName = "[No Variations]"
Added Component: Designator=R6(Res)
Add component. Clean all parameters for all variants
Add component (AddParameter): Name = "Value"; Value = "3k"; VariantName = "[No Variations]"
Added Component: Designator=R7(Res)
Add component. Clean all parameters for all variants
Add component (AddParameter): Name = "Value"; Value = "1k"; VariantName = "[No Variations]"
Added Component: Designator=R8(Res)
Add component. Clean all parameters for all variants
Add component (AddParameter): Name = "Value"; Value = "10k"; VariantName = "[No Variations]"
Added Component: Designator=R9(Res)
Add component. Clean all parameters for all variants
Add component (AddParameter): Name = "Value"; Value = "100k"; VariantName = "[No Variations]"
Added Component: Designator=R10(Res)
Add component. Clean all parameters for all variants
Add component (AddParameter): Name = "Value"; Value = "10k"; VariantName = "[No Variations]"
Added Component: Designator=R11(Res)
Add component. Clean all parameters for all variants
Add component (AddParameter): Name = "Value"; Value = "11.6k"; VariantName = "[No Variations]"
Added Component: Designator=R12(Res)
Add component. Clean all parameters for all variants
Add component (AddParameter): Name = "Value"; Value = "1k"; VariantName = "[No Variations]"
Added Component: Designator=S7(SW DPDT)
Add component. Clean all parameters for all variants
Added Component: Designator=S8(SW DPDT)
Add component. Clean all parameters for all variants
Added Component: Designator=S9(SW DPDT)
Add component. Clean all parameters for all variants
Added Component: Designator=S10(SW DPDT)
Add component. Clean all parameters for all variants
Added Component: Designator=S11(SW DPDT)
Add component. Clean all parameters for all variants
Added Component: Designator=U1(TL084)
Add component. Clean all parameters for all variants
Added Component: Designator=U2(TL084)
Add component. Clean all parameters for all variants
Added Component: Designator=VR1(VerRes)
Add component. Clean all parameters for all variants
Add component (AddParameter): Name = "Value"; Value = "10k"; VariantName = "[No Variations]"
Added Component: Designator=VR2(VerRes)
Add component. Clean all parameters for all variants
Add component (AddParameter): Name = "Value"; Value = "100k"; VariantName = "[No Variations]"
Added Component: Designator=VR3(POT MT)
Add component. Clean all parameters for all variants
Add component (AddParameter): Name = "Value"; Value = "10k"; VariantName = "[No Variations]"
Added Component: Designator=VR4(VerRes)
Add component. Clean all parameters for all variants
Add component (AddParameter): Name = "Value"; Value = "5k"; VariantName = "[No Variations]"
Added Component: Designator=VR5(POT MT)
Add component. Clean all parameters for all variants
Add component (AddParameter): Name = "Value"; Value = "100k"; VariantName = "[No Variations]"
Added Component: Designator=VR6(VerRes)
Add component. Clean all parameters for all variants
Add component (AddParameter): Name = "Value"; Value = "10k"; VariantName = "[No Variations]"
Added Component: Designator=VR7(VerRes)
Add component. Clean all parameters for all variants
Add component (AddParameter): Name = "Value"; Value = "5k"; VariantName = "[No Variations]"
Added Pin To Net: NetName=AOUT6 Pin=C2-1
Added Pin To Net: NetName=6IN- Pin=C3-1
Added Pin To Net: NetName=2IN+ Pin=C3-2
Added Pin To Net: NetName=AOUT4 Pin=C5-1
Added Pin To Net: NetName=NetC5_2 Pin=C5-2
Added Pin To Net: NetName=NetC6_1 Pin=C6-1
Added Pin To Net: NetName=1IN- Pin=C7-1
Added Pin To Net: NetName=NetC7_2 Pin=C7-2
Added Pin To Net: NetName=1IN- Pin=C8-1
Added Pin To Net: NetName=NetC8_2 Pin=C8-2
Added Pin To Net: NetName=1IN- Pin=C9-1
Added Pin To Net: NetName=NetC9_2 Pin=C9-2
Added Pin To Net: NetName=1IN- Pin=C10-1
Added Pin To Net: NetName=NetC10_2 Pin=C10-2
Added Pin To Net: NetName=1IN- Pin=C11-1
Added Pin To Net: NetName=NetC11_2 Pin=C11-2
Added Pin To Net: NetName=1IN- Pin=C12-1
Added Pin To Net: NetName=NetC12_2 Pin=C12-2
Added Pin To Net: NetName=NetC7_2 Pin=J1-1
Added Pin To Net: NetName=NetC8_2 Pin=J1-2
Added Pin To Net: NetName=NetC9_2 Pin=J1-3
Added Pin To Net: NetName=NetC10_2 Pin=J1-4
Added Pin To Net: NetName=NetC11_2 Pin=J1-5
Added Pin To Net: NetName=NetC12_2 Pin=J1-6
Added Pin To Net: NetName=2IN+ Pin=J1-7
Added Pin To Net: NetName=INTA Pin=J4-7
Added Pin To Net: NetName=AOUT7 Pin=J5-2
Added Pin To Net: NetName=AOUT5 Pin=J5-3
Added Pin To Net: NetName=7IN- Pin=J5-4
Added Pin To Net: NetName=5IN- Pin=J5-5
Added Pin To Net: NetName=INTA Pin=J5-6
Added Pin To Net: NetName=AOUT2 Pin=J6-1
Added Pin To Net: NetName=4IN+ Pin=J6-2
Added Pin To Net: NetName=AOUT4 Pin=J6-3
Added Pin To Net: NetName=AOUT2 Pin=J7-1
Added Pin To Net: NetName=4IN+ Pin=J7-2
Added Pin To Net: NetName=AOUT4 Pin=J7-3
Added Pin To Net: NetName=5IN- Pin=R1-1
Added Pin To Net: NetName=AOUT5 Pin=R1-2
Added Pin To Net: NetName=AOUT5 Pin=R2-1
Added Pin To Net: NetName=6IN- Pin=R2-2
Added Pin To Net: NetName=4IN+ Pin=R4-1
Added Pin To Net: NetName=5IN- Pin=R4-2
Added Pin To Net: NetName=AOUT7 Pin=R5-1
Added Pin To Net: NetName=7IN- Pin=R5-2
Added Pin To Net: NetName=7IN- Pin=R6-1
Added Pin To Net: NetName=NetC5_2 Pin=R6-2
Added Pin To Net: NetName=AOUT7 Pin=R7-1
Added Pin To Net: NetName=NetC6_1 Pin=R7-2
Added Pin To Net: NetName=2IN+ Pin=R8-1
Added Pin To Net: NetName=NetC5_2 Pin=R8-2
Added Pin To Net: NetName=NetR9_1 Pin=R9-1
Added Pin To Net: NetName=AOUT1 Pin=R9-2
Added Pin To Net: NetName=AOUT1 Pin=R10-1
Added Pin To Net: NetName=2IN- Pin=R10-2
Added Pin To Net: NetName=1IN+ Pin=R11-1
Added Pin To Net: NetName=AOUT1 Pin=R11-2
Added Pin To Net: NetName=2IN+ Pin=R12-1
Added Pin To Net: NetName=1IN+ Pin=R12-2
Added Pin To Net: NetName=AOUT2 Pin=S7-2
Added Pin To Net: NetName=AOUT2 Pin=S7-5
Added Pin To Net: NetName=4IN+ Pin=S8-2
Added Pin To Net: NetName=4IN+ Pin=S8-5
Added Pin To Net: NetName=AOUT4 Pin=S9-2
Added Pin To Net: NetName=AOUT4 Pin=S9-5
Added Pin To Net: NetName=AOUT5 Pin=U1-1
Added Pin To Net: NetName=5IN- Pin=U1-2
Added Pin To Net: NetName=2IN+ Pin=U1-3
Added Pin To Net: NetName=Vcc+ Pin=U1-4
Added Pin To Net: NetName=2IN+ Pin=U1-5
Added Pin To Net: NetName=6IN- Pin=U1-6
Added Pin To Net: NetName=AOUT6 Pin=U1-7
Added Pin To Net: NetName=AOUT7 Pin=U1-8
Added Pin To Net: NetName=7IN- Pin=U1-9
Added Pin To Net: NetName=2IN+ Pin=U1-10
Added Pin To Net: NetName=Vcc- Pin=U1-11
Added Pin To Net: NetName=AOUT1 Pin=U2-1
Added Pin To Net: NetName=1IN- Pin=U2-2
Added Pin To Net: NetName=1IN+ Pin=U2-3
Added Pin To Net: NetName=Vcc+ Pin=U2-4
Added Pin To Net: NetName=2IN+ Pin=U2-5
Added Pin To Net: NetName=2IN- Pin=U2-6
Added Pin To Net: NetName=AOUT2 Pin=U2-7
Added Pin To Net: NetName=4IN+ Pin=U2-8
Added Pin To Net: NetName=3IN- Pin=U2-9
Added Pin To Net: NetName=Vcc- Pin=U2-11
Added Pin To Net: NetName=4IN+ Pin=U2-12
Added Pin To Net: NetName=4IN- Pin=U2-13
Added Pin To Net: NetName=AOUT4 Pin=U2-14
Added Pin To Net: NetName=6IN- Pin=VR1-1
Added Pin To Net: NetName=6IN- Pin=VR1-2
Added Pin To Net: NetName=AOUT6 Pin=VR1-3
Added Pin To Net: NetName=2IN+ Pin=VR2-1
Added Pin To Net: NetName=3IN- Pin=VR2-2
Added Pin To Net: NetName=4IN+ Pin=VR2-3
Added Pin To Net: NetName=Vcc+ Pin=VR3-1
Added Pin To Net: NetName=4IN- Pin=VR3-2
Added Pin To Net: NetName=Vcc- Pin=VR3-3
Added Pin To Net: NetName=2IN+ Pin=VR4-3
Added Pin To Net: NetName=1IN- Pin=VR5-1
Added Pin To Net: NetName=NetR9_1 Pin=VR5-3
Added Pin To Net: NetName=AOUT2 Pin=VR6-1
Added Pin To Net: NetName=AOUT2 Pin=VR6-2
Added Pin To Net: NetName=2IN- Pin=VR6-3
Added Pin To Net: NetName=3IN+ Pin=U2-10
Added Pin To Net: NetName=3IN+ Pin=VR5-2
Added Net: Name=3IN+
Added Pin To Net: NetName=NetC1_1 Pin=C1-1
Added Pin To Net: NetName=NetC1_1 Pin=J4-1
Added Net: Name=NetC1_1
Added Pin To Net: NetName=NetC1_2 Pin=C1-2
Added Pin To Net: NetName=NetC1_2 Pin=C4-2
Added Pin To Net: NetName=NetC1_2 Pin=C13-2
Added Pin To Net: NetName=NetC1_2 Pin=C14-2
Added Pin To Net: NetName=NetC1_2 Pin=C15-2
Added Pin To Net: NetName=NetC1_2 Pin=C16-2
Added Pin To Net: NetName=NetC1_2 Pin=J5-7
Added Net: Name=NetC1_2
Added Pin To Net: NetName=NetC4_1 Pin=C4-1
Added Pin To Net: NetName=NetC4_1 Pin=J4-2
Added Net: Name=NetC4_1
Added Pin To Net: NetName=NetC13_1 Pin=C13-1
Added Pin To Net: NetName=NetC13_1 Pin=J4-3
Added Net: Name=NetC13_1
Added Pin To Net: NetName=NetC14_1 Pin=C14-1
Added Pin To Net: NetName=NetC14_1 Pin=J4-4
Added Net: Name=NetC14_1
Added Pin To Net: NetName=NetC15_1 Pin=C15-1
Added Pin To Net: NetName=NetC15_1 Pin=J4-5
Added Net: Name=NetC15_1
Added Pin To Net: NetName=NetC16_1 Pin=C16-1
Added Pin To Net: NetName=NetC16_1 Pin=J4-6
Added Net: Name=NetC16_1
Added Pin To Net: NetName=PWM in Pin=C6-2
Added Pin To Net: NetName=PWM in Pin=J6-4
Added Pin To Net: NetName=PWM in Pin=J7-4
Added Pin To Net: NetName=PWM in Pin=S10-2
Added Pin To Net: NetName=PWM in Pin=S10-5
Added Pin To Net: NetName=PWM in Pin=VR4-1
Added Pin To Net: NetName=PWM in Pin=VR4-2
Added Net: Name=PWM in
Added Pin To Net: NetName=Signal Out Pin=J6-6
Added Pin To Net: NetName=Signal Out Pin=J7-6
Added Pin To Net: NetName=Signal Out Pin=S7-1
Added Pin To Net: NetName=Signal Out Pin=S7-6
Added Pin To Net: NetName=Signal Out Pin=S8-1
Added Pin To Net: NetName=Signal Out Pin=S8-6
Added Pin To Net: NetName=Signal Out Pin=S9-1
Added Pin To Net: NetName=Signal Out Pin=S9-6
Added Pin To Net: NetName=Signal Out Pin=S10-1
Added Pin To Net: NetName=Signal Out Pin=S10-6
Added Pin To Net: NetName=Signal Out Pin=S11-1
Added Pin To Net: NetName=Signal Out Pin=S11-6
Added Net: Name=Signal Out
Added Pin To Net: NetName=Sine in Pin=C2-2
Added Pin To Net: NetName=Sine in Pin=J6-5
Added Pin To Net: NetName=Sine in Pin=J7-5
Added Pin To Net: NetName=Sine in Pin=S11-2
Added Pin To Net: NetName=Sine in Pin=S11-5
Added Pin To Net: NetName=Sine in Pin=VR7-1
Added Pin To Net: NetName=Sine in Pin=VR7-2
Added Net: Name=Sine in
Added Member To Class: ClassName=funcgen Member=Component C1 Cap_NP
Added Member To Class: ClassName=funcgen Member=Component C2 Cap_pol
Added Member To Class: ClassName=funcgen Member=Component C3 Cap_pol
Added Member To Class: ClassName=funcgen Member=Component C4 Cap_NP
Added Member To Class: ClassName=funcgen Member=Component C5 Cap_pol
Added Member To Class: ClassName=funcgen Member=Component C6 Cap_pol
Added Member To Class: ClassName=funcgen Member=Component C7 Cap_pol
Added Member To Class: ClassName=funcgen Member=Component C8 Cap_pol
Added Member To Class: ClassName=funcgen Member=Component C9 Cap_pol
Added Member To Class: ClassName=funcgen Member=Component C10 Cap_pol
Added Member To Class: ClassName=funcgen Member=Component C11 Cap_pol
Added Member To Class: ClassName=funcgen Member=Component C12 Cap_pol
Added Member To Class: ClassName=funcgen Member=Component C13 Cap_NP
Added Member To Class: ClassName=funcgen Member=Component C14 Cap_NP
Added Member To Class: ClassName=funcgen Member=Component C15 Cap_NP
Added Member To Class: ClassName=funcgen Member=Component C16 Cap_NP
Added Member To Class: ClassName=funcgen Member=Component J1 JST_7p
Added Member To Class: ClassName=funcgen Member=Component J4 JST_7p
Added Member To Class: ClassName=funcgen Member=Component J5 JST_7p
Added Member To Class: ClassName=funcgen Member=Component J6 JST_7p
Added Member To Class: ClassName=buttonpad Member=Component J7 JST_7p
Added Member To Class: ClassName=funcgen Member=Component R1 Res
Added Member To Class: ClassName=funcgen Member=Component R2 Res
Added Member To Class: ClassName=funcgen Member=Component R4 Res
Added Member To Class: ClassName=funcgen Member=Component R5 Res
Added Member To Class: ClassName=funcgen Member=Component R6 Res
Added Member To Class: ClassName=funcgen Member=Component R7 Res
Added Member To Class: ClassName=funcgen Member=Component R8 Res
Added Member To Class: ClassName=funcgen Member=Component R9 Res
Added Member To Class: ClassName=funcgen Member=Component R10 Res
Added Member To Class: ClassName=funcgen Member=Component R11 Res
Added Member To Class: ClassName=funcgen Member=Component R12 Res
Added Member To Class: ClassName=buttonpad Member=Component S7 SW_DPDT
Added Member To Class: ClassName=buttonpad Member=Component S8 SW_DPDT
Added Member To Class: ClassName=buttonpad Member=Component S9 SW_DPDT
Added Member To Class: ClassName=buttonpad Member=Component S10 SW_DPDT
Added Member To Class: ClassName=buttonpad Member=Component S11 SW_DPDT
Added Member To Class: ClassName=funcgen Member=Component U1 TL084
Added Member To Class: ClassName=funcgen Member=Component U2 TL084
Added Member To Class: ClassName=funcgen Member=Component VR1 VRes
Added Member To Class: ClassName=funcgen Member=Component VR2 VRes
Added Member To Class: ClassName=funcgen Member=Component VR3 POT_MT
Added Member To Class: ClassName=funcgen Member=Component VR4 VRes
Added Member To Class: ClassName=funcgen Member=Component VR5 POT_MT
Added Member To Class: ClassName=funcgen Member=Component VR6 VRes
Added Member To Class: ClassName=funcgen Member=Component VR7 VRes
Added Room: Name=buttonpad
Added Room: Name=funcgen
