Removed Pin From Net: NetName=5IN- Pin=C1-1
Removed Pin From Net: NetName=AOUT5 Pin=C1-2
Removed Pin From Net: NetName=7IN- Pin=C4-1
Removed Pin From Net: NetName=AOUT7 Pin=C4-2
Removed Pin From Net: NetName=1IN- Pin=U2-10
Removed Pin From Net: NetName=1IN- Pin=VR5-2
Change Component Designator: OldDesignator=J? NewDesignator=J1
Change component parameters: Designator = "C1"; Footprint = "Cap NP"; UniqueID = "\JATUPPXB"
Change component parameters. Clean all parameters for all variants
Change component parameters (AddParameter): Name = "Value"; Value = ""; VariantName = "[No Variations]"
Change component parameters: Designator = "C4"; Footprint = "Cap NP"; UniqueID = "\IOEINAMD"
Change component parameters. Clean all parameters for all variants
Change component parameters (AddParameter): Name = "Value"; Value = ""; VariantName = "[No Variations]"
Change component parameters: Designator = "C7"; Footprint = "Cap pol"; UniqueID = "\KOECDREP"
Change component parameters. Clean all parameters for all variants
Change component parameters (AddParameter): Name = "Value"; Value = "10u"; VariantName = "[No Variations]"
Change component parameters: Designator = "C8"; Footprint = "Cap pol"; UniqueID = "\SXYLFEMP"
Change component parameters. Clean all parameters for all variants
Change component parameters (AddParameter): Name = "Value"; Value = "1u"; VariantName = "[No Variations]"
Change component parameters: Designator = "C9"; Footprint = "Cap pol"; UniqueID = "\KXUAEBDP"
Change component parameters. Clean all parameters for all variants
Change component parameters (AddParameter): Name = "Value"; Value = "100n"; VariantName = "[No Variations]"
Change component parameters: Designator = "C10"; Footprint = "Cap pol"; UniqueID = "\XPRFRVHD"
Change component parameters. Clean all parameters for all variants
Change component parameters (AddParameter): Name = "Value"; Value = "10n"; VariantName = "[No Variations]"
Change component parameters: Designator = "C11"; Footprint = "Cap pol"; UniqueID = "\KSXQIAYL"
Change component parameters. Clean all parameters for all variants
Change component parameters (AddParameter): Name = "Value"; Value = "1n"; VariantName = "[No Variations]"
Change component parameters: Designator = "C12"; Footprint = "Cap pol"; UniqueID = "\QSNYRXIN"
Change component parameters. Clean all parameters for all variants
Change component parameters (AddParameter): Name = "Value"; Value = "100p"; VariantName = "[No Variations]"
Change component parameters: Designator = "R9"; Footprint = "Res"; UniqueID = "\XELIYFLA"
Change component parameters. Clean all parameters for all variants
Change component parameters (AddParameter): Name = "Value"; Value = "100k"; VariantName = "[No Variations]"
Change component parameters: Designator = "R10"; Footprint = "Res"; UniqueID = "\SBHUWQST"
Change component parameters. Clean all parameters for all variants
Change component parameters (AddParameter): Name = "Value"; Value = "10k"; VariantName = "[No Variations]"
Change component parameters: Designator = "R11"; Footprint = "Res"; UniqueID = "\PNMNAIXL"
Change component parameters. Clean all parameters for all variants
Change component parameters (AddParameter): Name = "Value"; Value = "11.6k"; VariantName = "[No Variations]"
Change component parameters: Designator = "R12"; Footprint = "Res"; UniqueID = "\FYIHGJRE"
Change component parameters. Clean all parameters for all variants
Change component parameters (AddParameter): Name = "Value"; Value = "1k"; VariantName = "[No Variations]"
Change component parameters: Designator = "VR2"; Footprint = "VerRes"; UniqueID = "\RLRSNQCD"
Change component parameters. Clean all parameters for all variants
Change component parameters (AddParameter): Name = "Value"; Value = "100k"; VariantName = "[No Variations]"
Change component parameters: Designator = "VR3"; Footprint = "POT MT"; UniqueID = "\RYBOOKUN"
Change component parameters. Clean all parameters for all variants
Change component parameters (AddParameter): Name = "Value"; Value = "10k"; VariantName = "[No Variations]"
Change component parameters: Designator = "VR5"; Footprint = "POT MT"; UniqueID = "\TIBBQUFI"
Change component parameters. Clean all parameters for all variants
Change component parameters (AddParameter): Name = "Value"; Value = "100k"; VariantName = "[No Variations]"
Change component parameters: Designator = "VR6"; Footprint = "VerRes"; UniqueID = "\WSLOUSPU"
Change component parameters. Clean all parameters for all variants
Change component parameters (AddParameter): Name = "Value"; Value = "10k"; VariantName = "[No Variations]"
Added Component: Designator=C13(Cap NP)
Add component. Clean all parameters for all variants
Add component (AddParameter): Name = "Value"; Value = ""; VariantName = "[No Variations]"
Added Component: Designator=C14(Cap NP)
Add component. Clean all parameters for all variants
Add component (AddParameter): Name = "Value"; Value = ""; VariantName = "[No Variations]"
Added Component: Designator=C15(Cap NP)
Add component. Clean all parameters for all variants
Add component (AddParameter): Name = "Value"; Value = ""; VariantName = "[No Variations]"
Added Component: Designator=C16(Cap NP)
Add component. Clean all parameters for all variants
Add component (AddParameter): Name = "Value"; Value = ""; VariantName = "[No Variations]"
Added Component: Designator=J2(JST_7p)
Add component. Clean all parameters for all variants
Added Component: Designator=J3(JST_7p)
Add component. Clean all parameters for all variants
Added Component: Designator=J4(JST_7p)
Add component. Clean all parameters for all variants
Added Component: Designator=S1(SW DPDT)
Add component. Clean all parameters for all variants
Added Component: Designator=S2(SW DPDT)
Add component. Clean all parameters for all variants
Added Component: Designator=S3(SW DPDT)
Add component. Clean all parameters for all variants
Added Component: Designator=S4(SW DPDT)
Add component. Clean all parameters for all variants
Added Component: Designator=S5(SW DPDT)
Add component. Clean all parameters for all variants
Added Component: Designator=S6(SW DPDT)
Add component. Clean all parameters for all variants
Added Component: Designator=S7(SW DPDT)
Add component. Clean all parameters for all variants
Added Pin To Net: NetName=2IN+ Pin=J2-7
Added Pin To Net: NetName=2IN+ Pin=S2-2
Added Pin To Net: NetName=2IN+ Pin=S3-2
Added Pin To Net: NetName=2IN+ Pin=S4-2
Added Pin To Net: NetName=2IN+ Pin=S5-2
Added Pin To Net: NetName=2IN+ Pin=S6-2
Added Pin To Net: NetName=5IN- Pin=S7-1
Added Pin To Net: NetName=7IN- Pin=S7-3
Added Pin To Net: NetName=AOUT7 Pin=S7-4
Added Pin To Net: NetName=AOUT5 Pin=S7-6
Added Pin To Net: NetName=3IN+ Pin=U2-10
Added Pin To Net: NetName=3IN+ Pin=VR5-2
Added Net: Name=3IN+
Added Pin To Net: NetName=INTA Pin=J3-7
Added Pin To Net: NetName=INTA Pin=J4-7
Added Pin To Net: NetName=INTA Pin=S1-5
Added Pin To Net: NetName=INTA Pin=S2-5
Added Pin To Net: NetName=INTA Pin=S3-5
Added Pin To Net: NetName=INTA Pin=S4-5
Added Pin To Net: NetName=INTA Pin=S5-5
Added Pin To Net: NetName=INTA Pin=S6-5
Added Pin To Net: NetName=INTA Pin=S7-2
Added Net: Name=INTA
Added Pin To Net: NetName=JC1 Pin=J3-1
Added Pin To Net: NetName=JC1 Pin=S1-6
Added Net: Name=JC1
Added Pin To Net: NetName=JC2 Pin=J3-2
Added Pin To Net: NetName=JC2 Pin=S2-6
Added Net: Name=JC2
Added Pin To Net: NetName=JC3 Pin=J3-3
Added Pin To Net: NetName=JC3 Pin=S3-6
Added Net: Name=JC3
Added Pin To Net: NetName=JC4 Pin=J3-4
Added Pin To Net: NetName=JC4 Pin=S4-6
Added Net: Name=JC4
Added Pin To Net: NetName=JC5 Pin=J3-5
Added Pin To Net: NetName=JC5 Pin=S5-6
Added Net: Name=JC5
Added Pin To Net: NetName=JC6 Pin=J3-6
Added Pin To Net: NetName=JC6 Pin=S6-6
Added Net: Name=JC6
Added Pin To Net: NetName=JF1 Pin=J2-1
Added Pin To Net: NetName=JF1 Pin=S1-1
Added Net: Name=JF1
Added Pin To Net: NetName=JF2 Pin=J2-2
Added Pin To Net: NetName=JF2 Pin=S2-1
Added Net: Name=JF2
Added Pin To Net: NetName=JF3 Pin=J2-3
Added Pin To Net: NetName=JF3 Pin=S3-1
Added Net: Name=JF3
Added Pin To Net: NetName=JF4 Pin=J2-4
Added Pin To Net: NetName=JF4 Pin=S4-1
Added Net: Name=JF4
Added Pin To Net: NetName=JF5 Pin=J2-5
Added Pin To Net: NetName=JF5 Pin=S5-1
Added Net: Name=JF5
Added Pin To Net: NetName=JF6 Pin=J2-6
Added Pin To Net: NetName=JF6 Pin=S6-1
Added Net: Name=JF6
Added Pin To Net: NetName=NetC1_1 Pin=C1-1
Added Pin To Net: NetName=NetC1_1 Pin=J4-1
Added Net: Name=NetC1_1
Added Pin To Net: NetName=NetC1_2 Pin=C1-2
Added Pin To Net: NetName=NetC1_2 Pin=C4-2
Added Pin To Net: NetName=NetC1_2 Pin=C13-2
Added Pin To Net: NetName=NetC1_2 Pin=C14-2
Added Pin To Net: NetName=NetC1_2 Pin=C15-2
Added Pin To Net: NetName=NetC1_2 Pin=C16-2
Added Pin To Net: NetName=NetC1_2 Pin=S7-5
Added Net: Name=NetC1_2
Added Pin To Net: NetName=NetC4_1 Pin=C4-1
Added Pin To Net: NetName=NetC4_1 Pin=J4-2
Added Net: Name=NetC4_1
Added Pin To Net: NetName=NetC13_1 Pin=C13-1
Added Pin To Net: NetName=NetC13_1 Pin=J4-3
Added Net: Name=NetC13_1
Added Pin To Net: NetName=NetC14_1 Pin=C14-1
Added Pin To Net: NetName=NetC14_1 Pin=J4-4
Added Net: Name=NetC14_1
Added Pin To Net: NetName=NetC15_1 Pin=C15-1
Added Pin To Net: NetName=NetC15_1 Pin=J4-5
Added Net: Name=NetC15_1
Added Pin To Net: NetName=NetC16_1 Pin=C16-1
Added Pin To Net: NetName=NetC16_1 Pin=J4-6
Added Net: Name=NetC16_1
Added Class: Name=buttonpad
Added Member To Class: ClassName=funcgen Member=Component C13 Cap_NP
Added Member To Class: ClassName=funcgen Member=Component C14 Cap_NP
Added Member To Class: ClassName=funcgen Member=Component C15 Cap_NP
Added Member To Class: ClassName=funcgen Member=Component C16 Cap_NP
Added Member To Class: ClassName=funcgen Member=Component J4 JST_7p
Added Member To Class: ClassName=funcgen Member=Component S7 SW_DPDT
Added Room: Name=buttonpad
Added Room: Name=funcgen
