Added Component: Designator=C1(Cap pol)
Add component. Clean all parameters for all variants
Add component (AddParameter): Name = "Value"; Value = ""; VariantName = "[No Variations]"
Added Component: Designator=C2(Cap pol)
Add component. Clean all parameters for all variants
Add component (AddParameter): Name = "Value"; Value = ""; VariantName = "[No Variations]"
Added Component: Designator=C3(Cap pol)
Add component. Clean all parameters for all variants
Add component (AddParameter): Name = "Value"; Value = ""; VariantName = "[No Variations]"
Added Component: Designator=C4(Cap pol)
Add component. Clean all parameters for all variants
Add component (AddParameter): Name = "Value"; Value = ""; VariantName = "[No Variations]"
Added Component: Designator=C5(Cap pol)
Add component. Clean all parameters for all variants
Add component (AddParameter): Name = "Value"; Value = ""; VariantName = "[No Variations]"
Added Component: Designator=C6(Cap pol)
Add component. Clean all parameters for all variants
Add component (AddParameter): Name = "Value"; Value = ""; VariantName = "[No Variations]"
Added Pin To Net: NetName=1IN- Pin=C1-1
Added Pin To Net: NetName=NetC1_2 Pin=C1-2
Added Pin To Net: NetName=1IN- Pin=C2-1
Added Pin To Net: NetName=NetC2_2 Pin=C2-2
Added Pin To Net: NetName=1IN- Pin=C3-1
Added Pin To Net: NetName=NetC3_2 Pin=C3-2
Added Pin To Net: NetName=1IN- Pin=C4-1
Added Pin To Net: NetName=NetC4_2 Pin=C4-2
Added Pin To Net: NetName=1IN- Pin=C5-1
Added Pin To Net: NetName=NetC5_2 Pin=C5-2
Added Pin To Net: NetName=1IN- Pin=C6-1
Added Pin To Net: NetName=NetC6_2 Pin=C6-2
Added Member To Class: ClassName=funcgen Member=Component C1 Cap_pol
Added Member To Class: ClassName=funcgen Member=Component C2 Cap_pol
Added Member To Class: ClassName=funcgen Member=Component C3 Cap_pol
Added Member To Class: ClassName=funcgen Member=Component C4 Cap_pol
Added Member To Class: ClassName=funcgen Member=Component C5 Cap_pol
Added Member To Class: ClassName=funcgen Member=Component C6 Cap_pol
Added Room: Name=funcgen
